{"C:\\Users\\samav\\Projects\\kinaxis-assignment\\src\\components\\BirthdaysList.tsx": {"path":"C:\\Users\\samav\\Projects\\kinaxis-assignment\\src\\components\\BirthdaysList.tsx","statementMap":{"0":{"start":{"line":23,"column":45},"end":{"line":23,"column":59}},"1":{"start":{"line":24,"column":34},"end":{"line":26,"column":3}},"2":{"start":{"line":27,"column":30},"end":{"line":27,"column":42}},"3":{"start":{"line":28,"column":40},"end":{"line":28,"column":78}},"4":{"start":{"line":30,"column":21},"end":{"line":43,"column":3}},"5":{"start":{"line":33,"column":6},"end":{"line":40,"column":7}},"6":{"start":{"line":34,"column":25},"end":{"line":36,"column":25}},"7":{"start":{"line":35,"column":10},"end":{"line":35,"column":73}},"8":{"start":{"line":37,"column":8},"end":{"line":37,"column":30}},"9":{"start":{"line":39,"column":8},"end":{"line":39,"column":45}},"10":{"start":{"line":45,"column":2},"end":{"line":47,"column":18}},"11":{"start":{"line":46,"column":4},"end":{"line":46,"column":23}},"12":{"start":{"line":49,"column":2},"end":{"line":58,"column":15}},"13":{"start":{"line":50,"column":4},"end":{"line":50,"column":30}},"14":{"start":{"line":51,"column":18},"end":{"line":53,"column":11}},"15":{"start":{"line":52,"column":6},"end":{"line":52,"column":25}},"16":{"start":{"line":54,"column":4},"end":{"line":54,"column":26}},"17":{"start":{"line":55,"column":4},"end":{"line":57,"column":6}},"18":{"start":{"line":56,"column":6},"end":{"line":56,"column":26}},"19":{"start":{"line":60,"column":19},"end":{"line":77,"column":16}},"20":{"start":{"line":61,"column":4},"end":{"line":61,"column":31}},"21":{"start":{"line":61,"column":19},"end":{"line":61,"column":31}},"22":{"start":{"line":62,"column":4},"end":{"line":76,"column":6}},"23":{"start":{"line":70,"column":10},"end":{"line":73,"column":16}},"24":{"start":{"line":79,"column":2},"end":{"line":118,"column":4}},"25":{"start":{"line":100,"column":29},"end":{"line":100,"column":58}},"26":{"start":{"line":122,"column":63},"end":{"line":122,"column":77}},"27":{"start":{"line":123,"column":17},"end":{"line":123,"column":65}},"28":{"start":{"line":124,"column":15},"end":{"line":124,"column":24}},"29":{"start":{"line":125,"column":14},"end":{"line":125,"column":23}},"30":{"start":{"line":126,"column":2},"end":{"line":148,"column":4}},"31":{"start":{"line":133,"column":25},"end":{"line":133,"column":45}},"32":{"start":{"line":140,"column":23},"end":{"line":140,"column":75}},"33":{"start":{"line":159,"column":2},"end":{"line":187,"column":4}}},"fnMap":{"0":{"name":"BirthdayList","decl":{"start":{"line":22,"column":16},"end":{"line":22,"column":28}},"loc":{"start":{"line":22,"column":44},"end":{"line":119,"column":1}},"line":22},"1":{"name":"(anonymous_1)","decl":{"start":{"line":31,"column":4},"end":{"line":31,"column":5}},"loc":{"start":{"line":31,"column":24},"end":{"line":41,"column":5}},"line":31},"2":{"name":"(anonymous_2)","decl":{"start":{"line":34,"column":50},"end":{"line":34,"column":51}},"loc":{"start":{"line":34,"column":61},"end":{"line":36,"column":9}},"line":34},"3":{"name":"(anonymous_3)","decl":{"start":{"line":45,"column":12},"end":{"line":45,"column":13}},"loc":{"start":{"line":45,"column":18},"end":{"line":47,"column":3}},"line":45},"4":{"name":"(anonymous_4)","decl":{"start":{"line":49,"column":12},"end":{"line":49,"column":13}},"loc":{"start":{"line":49,"column":18},"end":{"line":58,"column":3}},"line":49},"5":{"name":"(anonymous_5)","decl":{"start":{"line":51,"column":29},"end":{"line":51,"column":30}},"loc":{"start":{"line":51,"column":35},"end":{"line":53,"column":5}},"line":51},"6":{"name":"(anonymous_6)","decl":{"start":{"line":55,"column":11},"end":{"line":55,"column":12}},"loc":{"start":{"line":55,"column":17},"end":{"line":57,"column":5}},"line":55},"7":{"name":"(anonymous_7)","decl":{"start":{"line":60,"column":27},"end":{"line":60,"column":28}},"loc":{"start":{"line":60,"column":33},"end":{"line":77,"column":3}},"line":60},"8":{"name":"(anonymous_8)","decl":{"start":{"line":69,"column":22},"end":{"line":69,"column":23}},"loc":{"start":{"line":70,"column":10},"end":{"line":73,"column":16}},"line":70},"9":{"name":"(anonymous_9)","decl":{"start":{"line":100,"column":18},"end":{"line":100,"column":19}},"loc":{"start":{"line":100,"column":29},"end":{"line":100,"column":58}},"line":100},"10":{"name":"ItemListBirthday","decl":{"start":{"line":121,"column":9},"end":{"line":121,"column":25}},"loc":{"start":{"line":121,"column":70},"end":{"line":149,"column":1}},"line":121},"11":{"name":"(anonymous_11)","decl":{"start":{"line":133,"column":19},"end":{"line":133,"column":20}},"loc":{"start":{"line":133,"column":25},"end":{"line":133,"column":45}},"line":133},"12":{"name":"(anonymous_12)","decl":{"start":{"line":140,"column":17},"end":{"line":140,"column":18}},"loc":{"start":{"line":140,"column":23},"end":{"line":140,"column":75}},"line":140},"13":{"name":"Star","decl":{"start":{"line":152,"column":9},"end":{"line":152,"column":13}},"loc":{"start":{"line":158,"column":16},"end":{"line":188,"column":1}},"line":158}},"branchMap":{"0":{"loc":{"start":{"line":25,"column":4},"end":{"line":25,"column":27}},"type":"binary-expr","locations":[{"start":{"line":25,"column":4},"end":{"line":25,"column":21}},{"start":{"line":25,"column":25},"end":{"line":25,"column":27}}],"line":25},"1":{"loc":{"start":{"line":33,"column":6},"end":{"line":40,"column":7}},"type":"if","locations":[{"start":{"line":33,"column":6},"end":{"line":40,"column":7}},{"start":{"line":38,"column":13},"end":{"line":40,"column":7}}],"line":33},"2":{"loc":{"start":{"line":39,"column":20},"end":{"line":39,"column":43}},"type":"binary-expr","locations":[{"start":{"line":39,"column":20},"end":{"line":39,"column":37}},{"start":{"line":39,"column":41},"end":{"line":39,"column":43}}],"line":39},"3":{"loc":{"start":{"line":61,"column":4},"end":{"line":61,"column":31}},"type":"if","locations":[{"start":{"line":61,"column":4},"end":{"line":61,"column":31}},{"start":{},"end":{}}],"line":61},"4":{"loc":{"start":{"line":90,"column":7},"end":{"line":94,"column":7}},"type":"binary-expr","locations":[{"start":{"line":90,"column":7},"end":{"line":90,"column":10}},{"start":{"line":90,"column":14},"end":{"line":90,"column":19}},{"start":{"line":91,"column":8},"end":{"line":93,"column":13}}],"line":90},"5":{"loc":{"start":{"line":95,"column":7},"end":{"line":97,"column":7}},"type":"binary-expr","locations":[{"start":{"line":95,"column":7},"end":{"line":95,"column":11}},{"start":{"line":95,"column":15},"end":{"line":95,"column":21}},{"start":{"line":96,"column":8},"end":{"line":96,"column":70}}],"line":95},"6":{"loc":{"start":{"line":102,"column":7},"end":{"line":115,"column":7}},"type":"binary-expr","locations":[{"start":{"line":102,"column":7},"end":{"line":102,"column":14}},{"start":{"line":103,"column":8},"end":{"line":114,"column":14}}],"line":102},"7":{"loc":{"start":{"line":116,"column":7},"end":{"line":116,"column":27}},"type":"binary-expr","locations":[{"start":{"line":116,"column":7},"end":{"line":116,"column":15}},{"start":{"line":116,"column":19},"end":{"line":116,"column":27}}],"line":116},"8":{"loc":{"start":{"line":123,"column":17},"end":{"line":123,"column":65}},"type":"binary-expr","locations":[{"start":{"line":123,"column":17},"end":{"line":123,"column":48}},{"start":{"line":123,"column":52},"end":{"line":123,"column":65}}],"line":123},"9":{"loc":{"start":{"line":166,"column":8},"end":{"line":166,"column":62}},"type":"cond-expr","locations":[{"start":{"line":166,"column":18},"end":{"line":166,"column":41}},{"start":{"line":166,"column":44},"end":{"line":166,"column":62}}],"line":166},"10":{"loc":{"start":{"line":177,"column":16},"end":{"line":177,"column":64}},"type":"cond-expr","locations":[{"start":{"line":177,"column":26},"end":{"line":177,"column":35}},{"start":{"line":177,"column":38},"end":{"line":177,"column":64}}],"line":177},"11":{"loc":{"start":{"line":178,"column":18},"end":{"line":178,"column":66}},"type":"cond-expr","locations":[{"start":{"line":178,"column":28},"end":{"line":178,"column":37}},{"start":{"line":178,"column":40},"end":{"line":178,"column":66}}],"line":178}},"s":{"0":2,"1":2,"2":2,"3":2,"4":2,"5":1,"6":0,"7":0,"8":0,"9":1,"10":2,"11":1,"12":2,"13":1,"14":1,"15":0,"16":1,"17":1,"18":1,"19":2,"20":1,"21":0,"22":1,"23":1,"24":2,"25":0,"26":1,"27":1,"28":1,"29":1,"30":1,"31":0,"32":0,"33":1},"f":{"0":2,"1":1,"2":0,"3":1,"4":1,"5":0,"6":1,"7":1,"8":1,"9":0,"10":1,"11":0,"12":0,"13":1},"b":{"0":[2,0],"1":[0,1],"2":[1,0],"3":[0,1],"4":[2,2,2],"5":[2,0,0],"6":[2,0],"7":[2,2],"8":[1,0],"9":[0,1],"10":[0,1],"11":[0,1]},"_coverageSchema":"1a1c01bbd47fc00a2c39e90264f33305004495a9","hash":"8fb13d261989b6ca4ab4aab1cf01b90ad6cc8331"}
,"C:\\Users\\samav\\Projects\\kinaxis-assignment\\src\\data\\useBirthdays.tsx": {"path":"C:\\Users\\samav\\Projects\\kinaxis-assignment\\src\\data\\useBirthdays.tsx","statementMap":{"0":{"start":{"line":68,"column":2},"end":{"line":68,"column":85}},"1":{"start":{"line":69,"column":26},"end":{"line":69,"column":37}},"2":{"start":{"line":70,"column":32},"end":{"line":70,"column":37}},"3":{"start":{"line":71,"column":18},"end":{"line":71,"column":45}},"4":{"start":{"line":89,"column":31},"end":{"line":103,"column":2}},"5":{"start":{"line":102,"column":31},"end":{"line":102,"column":33}},"6":{"start":{"line":112,"column":32},"end":{"line":112,"column":47}},"7":{"start":{"line":113,"column":28},"end":{"line":113,"column":57}},"8":{"start":{"line":114,"column":36},"end":{"line":114,"column":67}},"9":{"start":{"line":115,"column":36},"end":{"line":121,"column":3}},"10":{"start":{"line":122,"column":34},"end":{"line":122,"column":58}},"11":{"start":{"line":123,"column":28},"end":{"line":123,"column":57}},"12":{"start":{"line":124,"column":24},"end":{"line":124,"column":53}},"13":{"start":{"line":125,"column":42},"end":{"line":125,"column":79}},"14":{"start":{"line":127,"column":19},"end":{"line":130,"column":8}},"15":{"start":{"line":128,"column":4},"end":{"line":128,"column":17}},"16":{"start":{"line":129,"column":4},"end":{"line":129,"column":15}},"17":{"start":{"line":133,"column":2},"end":{"line":137,"column":19}},"18":{"start":{"line":134,"column":4},"end":{"line":136,"column":5}},"19":{"start":{"line":135,"column":6},"end":{"line":135,"column":40}},"20":{"start":{"line":140,"column":2},"end":{"line":172,"column":18}},"21":{"start":{"line":141,"column":4},"end":{"line":143,"column":5}},"22":{"start":{"line":142,"column":6},"end":{"line":142,"column":13}},"23":{"start":{"line":145,"column":25},"end":{"line":148,"column":7}},"24":{"start":{"line":149,"column":4},"end":{"line":170,"column":7}},"25":{"start":{"line":151,"column":19},"end":{"line":153,"column":7}},"26":{"start":{"line":154,"column":6},"end":{"line":169,"column":7}},"27":{"start":{"line":155,"column":20},"end":{"line":155,"column":52}},"28":{"start":{"line":156,"column":22},"end":{"line":159,"column":9}},"29":{"start":{"line":161,"column":8},"end":{"line":168,"column":9}},"30":{"start":{"line":162,"column":10},"end":{"line":165,"column":13}},"31":{"start":{"line":167,"column":10},"end":{"line":167,"column":41}},"32":{"start":{"line":171,"column":4},"end":{"line":171,"column":34}},"33":{"start":{"line":174,"column":32},"end":{"line":182,"column":3}},"34":{"start":{"line":176,"column":23},"end":{"line":178,"column":15}},"35":{"start":{"line":179,"column":6},"end":{"line":179,"column":77}},"36":{"start":{"line":184,"column":25},"end":{"line":204,"column":3}},"37":{"start":{"line":186,"column":20},"end":{"line":186,"column":47}},"38":{"start":{"line":187,"column":24},"end":{"line":191,"column":7}},"39":{"start":{"line":192,"column":6},"end":{"line":196,"column":7}},"40":{"start":{"line":193,"column":8},"end":{"line":193,"column":32}},"41":{"start":{"line":195,"column":8},"end":{"line":195,"column":29}},"42":{"start":{"line":197,"column":6},"end":{"line":200,"column":8}},"43":{"start":{"line":201,"column":6},"end":{"line":201,"column":30}},"44":{"start":{"line":206,"column":25},"end":{"line":209,"column":8}},"45":{"start":{"line":207,"column":4},"end":{"line":207,"column":47}},"46":{"start":{"line":208,"column":4},"end":{"line":208,"column":28}},"47":{"start":{"line":211,"column":20},"end":{"line":251,"column":3}},"48":{"start":{"line":219,"column":6},"end":{"line":219,"column":23}},"49":{"start":{"line":221,"column":6},"end":{"line":221,"column":25}},"50":{"start":{"line":222,"column":18},"end":{"line":224,"column":28}},"51":{"start":{"line":226,"column":6},"end":{"line":230,"column":7}},"52":{"start":{"line":227,"column":8},"end":{"line":227,"column":53}},"53":{"start":{"line":228,"column":8},"end":{"line":228,"column":26}},"54":{"start":{"line":229,"column":8},"end":{"line":229,"column":15}},"55":{"start":{"line":231,"column":6},"end":{"line":247,"column":7}},"56":{"start":{"line":232,"column":25},"end":{"line":232,"column":41}},"57":{"start":{"line":233,"column":8},"end":{"line":243,"column":9}},"58":{"start":{"line":234,"column":10},"end":{"line":234,"column":28}},"59":{"start":{"line":235,"column":23},"end":{"line":235,"column":44}},"60":{"start":{"line":236,"column":10},"end":{"line":236,"column":29}},"61":{"start":{"line":237,"column":10},"end":{"line":237,"column":35}},"62":{"start":{"line":239,"column":24},"end":{"line":239,"column":45}},"63":{"start":{"line":240,"column":10},"end":{"line":242,"column":12}},"64":{"start":{"line":246,"column":8},"end":{"line":246,"column":33}},"65":{"start":{"line":248,"column":6},"end":{"line":248,"column":24}},"66":{"start":{"line":253,"column":2},"end":{"line":273,"column":4}},"67":{"start":{"line":277,"column":2},"end":{"line":277,"column":37}}},"fnMap":{"0":{"name":"(anonymous_0)","decl":{"start":{"line":93,"column":18},"end":{"line":93,"column":19}},"loc":{"start":{"line":93,"column":24},"end":{"line":93,"column":26}},"line":93},"1":{"name":"(anonymous_1)","decl":{"start":{"line":95,"column":12},"end":{"line":95,"column":13}},"loc":{"start":{"line":95,"column":18},"end":{"line":95,"column":20}},"line":95},"2":{"name":"(anonymous_2)","decl":{"start":{"line":99,"column":15},"end":{"line":99,"column":16}},"loc":{"start":{"line":99,"column":21},"end":{"line":99,"column":23}},"line":99},"3":{"name":"(anonymous_3)","decl":{"start":{"line":101,"column":18},"end":{"line":101,"column":19}},"loc":{"start":{"line":101,"column":24},"end":{"line":101,"column":26}},"line":101},"4":{"name":"(anonymous_4)","decl":{"start":{"line":102,"column":25},"end":{"line":102,"column":26}},"loc":{"start":{"line":102,"column":31},"end":{"line":102,"column":33}},"line":102},"5":{"name":"BirthdaysProvider","decl":{"start":{"line":105,"column":16},"end":{"line":105,"column":33}},"loc":{"start":{"line":111,"column":3},"end":{"line":274,"column":1}},"line":111},"6":{"name":"(anonymous_6)","decl":{"start":{"line":127,"column":31},"end":{"line":127,"column":32}},"loc":{"start":{"line":127,"column":75},"end":{"line":130,"column":3}},"line":127},"7":{"name":"(anonymous_7)","decl":{"start":{"line":133,"column":12},"end":{"line":133,"column":13}},"loc":{"start":{"line":133,"column":18},"end":{"line":137,"column":3}},"line":133},"8":{"name":"(anonymous_8)","decl":{"start":{"line":140,"column":12},"end":{"line":140,"column":13}},"loc":{"start":{"line":140,"column":18},"end":{"line":172,"column":3}},"line":140},"9":{"name":"(anonymous_9)","decl":{"start":{"line":149,"column":22},"end":{"line":149,"column":23}},"loc":{"start":{"line":149,"column":36},"end":{"line":170,"column":5}},"line":149},"10":{"name":"(anonymous_10)","decl":{"start":{"line":175,"column":4},"end":{"line":175,"column":5}},"loc":{"start":{"line":175,"column":25},"end":{"line":180,"column":5}},"line":175},"11":{"name":"(anonymous_11)","decl":{"start":{"line":185,"column":4},"end":{"line":185,"column":5}},"loc":{"start":{"line":185,"column":25},"end":{"line":202,"column":5}},"line":185},"12":{"name":"(anonymous_12)","decl":{"start":{"line":206,"column":37},"end":{"line":206,"column":38}},"loc":{"start":{"line":206,"column":43},"end":{"line":209,"column":3}},"line":206},"13":{"name":"(anonymous_13)","decl":{"start":{"line":212,"column":4},"end":{"line":212,"column":5}},"loc":{"start":{"line":218,"column":36},"end":{"line":249,"column":5}},"line":218},"14":{"name":"useBirthdays","decl":{"start":{"line":276,"column":16},"end":{"line":276,"column":28}},"loc":{"start":{"line":276,"column":31},"end":{"line":278,"column":1}},"line":276}},"branchMap":{"0":{"loc":{"start":{"line":117,"column":7},"end":{"line":117,"column":52}},"type":"binary-expr","locations":[{"start":{"line":117,"column":7},"end":{"line":117,"column":46}},{"start":{"line":117,"column":50},"end":{"line":117,"column":52}}],"line":117},"1":{"loc":{"start":{"line":122,"column":43},"end":{"line":122,"column":57}},"type":"binary-expr","locations":[{"start":{"line":122,"column":43},"end":{"line":122,"column":49}},{"start":{"line":122,"column":53},"end":{"line":122,"column":57}}],"line":122},"2":{"loc":{"start":{"line":134,"column":4},"end":{"line":136,"column":5}},"type":"if","locations":[{"start":{"line":134,"column":4},"end":{"line":136,"column":5}},{"start":{},"end":{}}],"line":134},"3":{"loc":{"start":{"line":134,"column":8},"end":{"line":134,"column":20}},"type":"binary-expr","locations":[{"start":{"line":134,"column":8},"end":{"line":134,"column":13}},{"start":{"line":134,"column":17},"end":{"line":134,"column":20}}],"line":134},"4":{"loc":{"start":{"line":141,"column":4},"end":{"line":143,"column":5}},"type":"if","locations":[{"start":{"line":141,"column":4},"end":{"line":143,"column":5}},{"start":{},"end":{}}],"line":141},"5":{"loc":{"start":{"line":154,"column":6},"end":{"line":169,"column":7}},"type":"if","locations":[{"start":{"line":154,"column":6},"end":{"line":169,"column":7}},{"start":{},"end":{}}],"line":154},"6":{"loc":{"start":{"line":158,"column":20},"end":{"line":158,"column":58}},"type":"cond-expr","locations":[{"start":{"line":158,"column":46},"end":{"line":158,"column":48}},{"start":{"line":158,"column":51},"end":{"line":158,"column":58}}],"line":158},"7":{"loc":{"start":{"line":161,"column":8},"end":{"line":168,"column":9}},"type":"if","locations":[{"start":{"line":161,"column":8},"end":{"line":168,"column":9}},{"start":{"line":166,"column":15},"end":{"line":168,"column":9}}],"line":161},"8":{"loc":{"start":{"line":177,"column":8},"end":{"line":177,"column":64}},"type":"binary-expr","locations":[{"start":{"line":177,"column":8},"end":{"line":177,"column":32}},{"start":{"line":177,"column":36},"end":{"line":177,"column":64}}],"line":177},"9":{"loc":{"start":{"line":188,"column":9},"end":{"line":188,"column":54}},"type":"binary-expr","locations":[{"start":{"line":188,"column":9},"end":{"line":188,"column":48}},{"start":{"line":188,"column":52},"end":{"line":188,"column":54}}],"line":188},"10":{"loc":{"start":{"line":192,"column":6},"end":{"line":196,"column":7}},"type":"if","locations":[{"start":{"line":192,"column":6},"end":{"line":196,"column":7}},{"start":{"line":194,"column":13},"end":{"line":196,"column":7}}],"line":192},"11":{"loc":{"start":{"line":226,"column":6},"end":{"line":230,"column":7}},"type":"if","locations":[{"start":{"line":226,"column":6},"end":{"line":230,"column":7}},{"start":{},"end":{}}],"line":226},"12":{"loc":{"start":{"line":233,"column":8},"end":{"line":243,"column":9}},"type":"if","locations":[{"start":{"line":233,"column":8},"end":{"line":243,"column":9}},{"start":{"line":238,"column":15},"end":{"line":243,"column":9}}],"line":233},"13":{"loc":{"start":{"line":241,"column":37},"end":{"line":241,"column":76}},"type":"cond-expr","locations":[{"start":{"line":241,"column":52},"end":{"line":241,"column":71}},{"start":{"line":241,"column":74},"end":{"line":241,"column":76}}],"line":241}},"s":{"0":1,"1":1,"2":1,"3":1,"4":1,"5":0,"6":0,"7":0,"8":0,"9":0,"10":0,"11":0,"12":0,"13":0,"14":0,"15":0,"16":0,"17":0,"18":0,"19":0,"20":0,"21":0,"22":0,"23":0,"24":0,"25":0,"26":0,"27":0,"28":0,"29":0,"30":0,"31":0,"32":0,"33":0,"34":0,"35":0,"36":0,"37":0,"38":0,"39":0,"40":0,"41":0,"42":0,"43":0,"44":0,"45":0,"46":0,"47":0,"48":0,"49":0,"50":0,"51":0,"52":0,"53":0,"54":0,"55":0,"56":0,"57":0,"58":0,"59":0,"60":0,"61":0,"62":0,"63":0,"64":0,"65":0,"66":0,"67":0},"f":{"0":0,"1":0,"2":0,"3":0,"4":0,"5":0,"6":0,"7":0,"8":0,"9":0,"10":0,"11":0,"12":0,"13":0,"14":0},"b":{"0":[0,0],"1":[0,0],"2":[0,0],"3":[0,0],"4":[0,0],"5":[0,0],"6":[0,0],"7":[0,0],"8":[0,0],"9":[0,0],"10":[0,0],"11":[0,0],"12":[0,0],"13":[0,0]},"_coverageSchema":"1a1c01bbd47fc00a2c39e90264f33305004495a9","hash":"84dce86df6c578d72e98ed6306a51fc5aeebc755"}
,"C:\\Users\\samav\\Projects\\kinaxis-assignment\\src\\utils\\date.tsx": {"path":"C:\\Users\\samav\\Projects\\kinaxis-assignment\\src\\utils\\date.tsx","statementMap":{"0":{"start":{"line":3,"column":15},"end":{"line":3,"column":53}},"1":{"start":{"line":4,"column":2},"end":{"line":6,"column":3}},"2":{"start":{"line":5,"column":4},"end":{"line":5,"column":16}},"3":{"start":{"line":7,"column":18},"end":{"line":7,"column":28}},"4":{"start":{"line":8,"column":2},"end":{"line":8,"column":42}},"5":{"start":{"line":9,"column":2},"end":{"line":9,"column":37}},"6":{"start":{"line":11,"column":2},"end":{"line":14,"column":5}}},"fnMap":{"0":{"name":"getLocalizedDate","decl":{"start":{"line":1,"column":16},"end":{"line":1,"column":32}},"loc":{"start":{"line":1,"column":47},"end":{"line":15,"column":1}},"line":1}},"branchMap":{"0":{"loc":{"start":{"line":4,"column":2},"end":{"line":6,"column":3}},"type":"if","locations":[{"start":{"line":4,"column":2},"end":{"line":6,"column":3}},{"start":{},"end":{}}],"line":4}},"s":{"0":2,"1":2,"2":0,"3":2,"4":2,"5":2,"6":2},"f":{"0":2},"b":{"0":[0,2]},"_coverageSchema":"1a1c01bbd47fc00a2c39e90264f33305004495a9","hash":"ba53a56df68225bf184b61c2d8f02c1007c82097"}
}
