TN:
SF:src\components\BirthdaysList.tsx
FN:22,BirthdayList
FN:31,(anonymous_1)
FN:34,(anonymous_2)
FN:45,(anonymous_3)
FN:49,(anonymous_4)
FN:51,(anonymous_5)
FN:55,(anonymous_6)
FN:60,(anonymous_7)
FN:69,(anonymous_8)
FN:100,(anonymous_9)
FN:121,ItemListBirthday
FN:133,(anonymous_11)
FN:140,(anonymous_12)
FN:152,Star
FNF:14
FNH:9
FNDA:2,BirthdayList
FNDA:1,(anonymous_1)
FNDA:0,(anonymous_2)
FNDA:1,(anonymous_3)
FNDA:1,(anonymous_4)
FNDA:0,(anonymous_5)
FNDA:1,(anonymous_6)
FNDA:1,(anonymous_7)
FNDA:1,(anonymous_8)
FNDA:0,(anonymous_9)
FNDA:1,ItemListBirthday
FNDA:0,(anonymous_11)
FNDA:0,(anonymous_12)
FNDA:1,Star
DA:23,2
DA:24,2
DA:27,2
DA:28,2
DA:30,2
DA:33,1
DA:34,0
DA:35,0
DA:37,0
DA:39,1
DA:45,2
DA:46,1
DA:49,2
DA:50,1
DA:51,1
DA:52,0
DA:54,1
DA:55,1
DA:56,1
DA:60,2
DA:61,1
DA:62,1
DA:70,1
DA:79,2
DA:100,0
DA:122,1
DA:123,1
DA:124,1
DA:125,1
DA:126,1
DA:133,0
DA:140,0
DA:159,1
LF:33
LH:26
BRDA:25,0,0,2
BRDA:25,0,1,0
BRDA:33,1,0,0
BRDA:33,1,1,1
BRDA:39,2,0,1
BRDA:39,2,1,0
BRDA:61,3,0,0
BRDA:61,3,1,1
BRDA:90,4,0,2
BRDA:90,4,1,2
BRDA:90,4,2,2
BRDA:95,5,0,2
BRDA:95,5,1,0
BRDA:95,5,2,0
BRDA:102,6,0,2
BRDA:102,6,1,0
BRDA:116,7,0,2
BRDA:116,7,1,2
BRDA:123,8,0,1
BRDA:123,8,1,0
BRDA:166,9,0,0
BRDA:166,9,1,1
BRDA:177,10,0,0
BRDA:177,10,1,1
BRDA:178,11,0,0
BRDA:178,11,1,1
BRF:26
BRH:15
end_of_record
TN:
SF:src\data\useBirthdays.tsx
FN:93,(anonymous_0)
FN:95,(anonymous_1)
FN:99,(anonymous_2)
FN:101,(anonymous_3)
FN:102,(anonymous_4)
FN:105,BirthdaysProvider
FN:127,(anonymous_6)
FN:133,(anonymous_7)
FN:140,(anonymous_8)
FN:149,(anonymous_9)
FN:175,(anonymous_10)
FN:185,(anonymous_11)
FN:206,(anonymous_12)
FN:212,(anonymous_13)
FN:276,useBirthdays
FNF:15
FNH:0
FNDA:0,(anonymous_0)
FNDA:0,(anonymous_1)
FNDA:0,(anonymous_2)
FNDA:0,(anonymous_3)
FNDA:0,(anonymous_4)
FNDA:0,BirthdaysProvider
FNDA:0,(anonymous_6)
FNDA:0,(anonymous_7)
FNDA:0,(anonymous_8)
FNDA:0,(anonymous_9)
FNDA:0,(anonymous_10)
FNDA:0,(anonymous_11)
FNDA:0,(anonymous_12)
FNDA:0,(anonymous_13)
FNDA:0,useBirthdays
DA:68,1
DA:69,1
DA:70,1
DA:71,1
DA:89,1
DA:102,0
DA:112,0
DA:113,0
DA:114,0
DA:115,0
DA:122,0
DA:123,0
DA:124,0
DA:125,0
DA:127,0
DA:128,0
DA:129,0
DA:133,0
DA:134,0
DA:135,0
DA:140,0
DA:141,0
DA:142,0
DA:145,0
DA:149,0
DA:151,0
DA:154,0
DA:155,0
DA:156,0
DA:161,0
DA:162,0
DA:167,0
DA:171,0
DA:174,0
DA:176,0
DA:179,0
DA:184,0
DA:186,0
DA:187,0
DA:192,0
DA:193,0
DA:195,0
DA:197,0
DA:201,0
DA:206,0
DA:207,0
DA:208,0
DA:211,0
DA:219,0
DA:221,0
DA:222,0
DA:226,0
DA:227,0
DA:228,0
DA:229,0
DA:231,0
DA:232,0
DA:233,0
DA:234,0
DA:235,0
DA:236,0
DA:237,0
DA:239,0
DA:240,0
DA:246,0
DA:248,0
DA:253,0
DA:277,0
LF:68
LH:5
BRDA:117,0,0,0
BRDA:117,0,1,0
BRDA:122,1,0,0
BRDA:122,1,1,0
BRDA:134,2,0,0
BRDA:134,2,1,0
BRDA:134,3,0,0
BRDA:134,3,1,0
BRDA:141,4,0,0
BRDA:141,4,1,0
BRDA:154,5,0,0
BRDA:154,5,1,0
BRDA:158,6,0,0
BRDA:158,6,1,0
BRDA:161,7,0,0
BRDA:161,7,1,0
BRDA:177,8,0,0
BRDA:177,8,1,0
BRDA:188,9,0,0
BRDA:188,9,1,0
BRDA:192,10,0,0
BRDA:192,10,1,0
BRDA:226,11,0,0
BRDA:226,11,1,0
BRDA:233,12,0,0
BRDA:233,12,1,0
BRDA:241,13,0,0
BRDA:241,13,1,0
BRF:28
BRH:0
end_of_record
TN:
SF:src\utils\date.tsx
FN:1,getLocalizedDate
FNF:1
FNH:1
FNDA:2,getLocalizedDate
DA:3,2
DA:4,2
DA:5,0
DA:7,2
DA:8,2
DA:9,2
DA:11,2
LF:7
LH:6
BRDA:4,0,0,0
BRDA:4,0,1,2
BRF:2
BRH:1
end_of_record
